Incardcerate2/Library/Bee/Android/Prj/IL2CPP/Gradle/unityLibrary/build/intermediates/manifest_merge_blame_file/release/processReleaseManifest/manifest-merger-blame-release-report.txt
1<?xml version="1.0" encoding="utf-8"?>
2<manifest xmlns:android="http://schemas.android.com/apk/res/android"
3    xmlns:tools="http://schemas.android.com/tools"
4    package="com.unity3d.player" >
5
6    <uses-sdk android:minSdkVersion="24" />
7
8    <uses-permission android:name="android.permission.INTERNET" />
8-->src/main/AndroidManifest.xml:3:3-65
8-->src/main/AndroidManifest.xml:3:20-62
9
10    <uses-feature android:glEsVersion="0x00030000" />
10-->src/main/AndroidManifest.xml:4:3-52
10-->src/main/AndroidManifest.xml:4:17-49
11    <uses-feature
11-->src/main/AndroidManifest.xml:5:3-91
12        android:name="android.hardware.vulkan.version"
12-->src/main/AndroidManifest.xml:5:17-63
13        android:required="false" />
13-->src/main/AndroidManifest.xml:5:64-88
14    <uses-feature
14-->src/main/AndroidManifest.xml:6:3-88
15        android:name="android.hardware.touchscreen"
15-->src/main/AndroidManifest.xml:6:17-60
16        android:required="false" />
16-->src/main/AndroidManifest.xml:6:61-85
17    <uses-feature
17-->src/main/AndroidManifest.xml:7:3-99
18        android:name="android.hardware.touchscreen.multitouch"
18-->src/main/AndroidManifest.xml:7:17-71
19        android:required="false" />
19-->src/main/AndroidManifest.xml:7:72-96
20    <uses-feature
20-->src/main/AndroidManifest.xml:8:3-108
21        android:name="android.hardware.touchscreen.multitouch.distinct"
21-->src/main/AndroidManifest.xml:8:17-80
22        android:required="false" />
22-->src/main/AndroidManifest.xml:8:81-105
23
24    <uses-permission android:name="com.oculus.permission.HAND_TRACKING" />
24-->src/main/AndroidManifest.xml:32:3-73
24-->src/main/AndroidManifest.xml:32:20-70
25
26    <uses-feature
26-->src/main/AndroidManifest.xml:33:3-88
27        android:name="oculus.software.handtracking"
27-->src/main/AndroidManifest.xml:33:17-60
28        android:required="false" />
28-->src/main/AndroidManifest.xml:33:61-85
29
30    <application
30-->src/main/AndroidManifest.xml:9:3-31:17
31        android:enableOnBackInvokedCallback="true"
31-->src/main/AndroidManifest.xml:9:16-58
32        android:extractNativeLibs="true" >
32-->src/main/AndroidManifest.xml:9:59-91
33        <meta-data
33-->src/main/AndroidManifest.xml:10:5-69
34            android:name="unity.splash-mode"
34-->src/main/AndroidManifest.xml:10:16-48
35            android:value="0" />
35-->src/main/AndroidManifest.xml:10:49-66
36        <meta-data
36-->src/main/AndroidManifest.xml:11:5-74
37            android:name="unity.splash-enable"
37-->src/main/AndroidManifest.xml:11:16-50
38            android:value="True" />
38-->src/main/AndroidManifest.xml:11:51-71
39        <meta-data
39-->src/main/AndroidManifest.xml:12:5-78
40            android:name="unity.launch-fullscreen"
40-->src/main/AndroidManifest.xml:12:16-54
41            android:value="True" />
41-->src/main/AndroidManifest.xml:12:55-75
42        <meta-data
42-->src/main/AndroidManifest.xml:13:5-84
43            android:name="unity.render-outside-safearea"
43-->src/main/AndroidManifest.xml:13:16-60
44            android:value="True" />
44-->src/main/AndroidManifest.xml:13:61-81
45        <meta-data
45-->src/main/AndroidManifest.xml:14:5-81
46            android:name="notch.config"
46-->src/main/AndroidManifest.xml:14:16-43
47            android:value="portrait|landscape" />
47-->src/main/AndroidManifest.xml:14:44-78
48        <meta-data
48-->src/main/AndroidManifest.xml:15:5-84
49            android:name="unity.auto-report-fully-drawn"
49-->src/main/AndroidManifest.xml:15:16-60
50            android:value="true" />
50-->src/main/AndroidManifest.xml:15:61-81
51        <meta-data
51-->src/main/AndroidManifest.xml:16:5-80
52            android:name="unity.auto-set-game-state"
52-->src/main/AndroidManifest.xml:16:16-56
53            android:value="true" />
53-->src/main/AndroidManifest.xml:16:57-77
54        <meta-data
54-->src/main/AndroidManifest.xml:17:5-78
55            android:name="unity.strip-engine-code"
55-->src/main/AndroidManifest.xml:17:16-54
56            android:value="true" />
56-->src/main/AndroidManifest.xml:17:55-75
57
58        <activity
58-->src/main/AndroidManifest.xml:18:5-30:16
59            android:name="com.unity3d.player.UnityPlayerGameActivity"
59-->src/main/AndroidManifest.xml:18:312-369
60            android:configChanges="mcc|mnc|locale|touchscreen|keyboard|keyboardHidden|navigation|orientation|screenLayout|uiMode|screenSize|smallestScreenSize|fontScale|layoutDirection|density"
60-->src/main/AndroidManifest.xml:18:15-196
61            android:enabled="true"
61-->src/main/AndroidManifest.xml:18:197-219
62            android:exported="true"
62-->src/main/AndroidManifest.xml:18:220-243
63            android:hardwareAccelerated="false"
63-->src/main/AndroidManifest.xml:18:244-279
64            android:launchMode="singleTask"
64-->src/main/AndroidManifest.xml:18:280-311
65            android:resizeableActivity="true"
65-->src/main/AndroidManifest.xml:18:370-403
66            android:screenOrientation="fullUser"
66-->src/main/AndroidManifest.xml:18:404-440
67            android:theme="@style/BaseUnityGameActivityTheme" >
67-->src/main/AndroidManifest.xml:18:441-490
68            <intent-filter>
68-->src/main/AndroidManifest.xml:19:7-23:23
69                <category android:name="android.intent.category.LAUNCHER" />
69-->src/main/AndroidManifest.xml:20:9-69
69-->src/main/AndroidManifest.xml:20:19-66
70
71                <action android:name="android.intent.action.MAIN" />
71-->src/main/AndroidManifest.xml:21:9-61
71-->src/main/AndroidManifest.xml:21:17-58
72
73                <category android:name="com.oculus.intent.category.VR" />
73-->src/main/AndroidManifest.xml:22:9-66
73-->src/main/AndroidManifest.xml:22:19-63
74            </intent-filter>
75
76            <meta-data
76-->src/main/AndroidManifest.xml:24:7-82
77                android:name="unityplayer.UnityActivity"
77-->src/main/AndroidManifest.xml:24:18-58
78                android:value="true" />
78-->src/main/AndroidManifest.xml:24:59-79
79            <meta-data
79-->src/main/AndroidManifest.xml:25:7-77
80                android:name="android.app.lib_name"
80-->src/main/AndroidManifest.xml:25:18-53
81                android:value="game" />
81-->src/main/AndroidManifest.xml:25:54-74
82            <meta-data
82-->src/main/AndroidManifest.xml:26:7-130
83                android:name="WindowManagerPreference:FreeformWindowSize"
83-->src/main/AndroidManifest.xml:26:18-75
84                android:value="@string/FreeformWindowSize_maximize" />
84-->src/main/AndroidManifest.xml:26:76-127
85            <meta-data
85-->src/main/AndroidManifest.xml:27:7-145
86                android:name="WindowManagerPreference:FreeformWindowOrientation"
86-->src/main/AndroidManifest.xml:27:18-82
87                android:value="@string/FreeformWindowOrientation_landscape" />
87-->src/main/AndroidManifest.xml:27:83-142
88            <meta-data
88-->src/main/AndroidManifest.xml:28:7-70
89                android:name="notch_support"
89-->src/main/AndroidManifest.xml:28:18-46
90                android:value="true" />
90-->src/main/AndroidManifest.xml:28:47-67
91
92            <layout
92-->src/main/AndroidManifest.xml:29:7-68
93                android:minHeight="300px"
93-->src/main/AndroidManifest.xml:29:15-40
94                android:minWidth="400px" />
94-->src/main/AndroidManifest.xml:29:41-65
95        </activity>
96    </application>
97
98</manifest>